<?xml version="1.0" encoding="UTF-8"?>
<!-- Generated by org.testng.reporters.JUnitReportReporter -->
<testsuite skipped="0" hostname="DESKTOP-ONGOORI" name="com.makemytrip.tests.MakeMyTripTest" tests="1" failures="0" timestamp="28 Apr 2019 01:54:13 GMT" time="59.744" errors="0">
  <testcase name="makeMyTripTest" time="59.744" classname="com.makemytrip.tests.MakeMyTripTest"/>
</testsuite> <!-- com.makemytrip.tests.MakeMyTripTest -->
