<?xml version="1.0" encoding="UTF-8"?>
<!-- Generated by org.testng.reporters.JUnitReportReporter -->
<testsuite skipped="0" hostname="DESKTOP-ONGOORI" name="com.makemytrip.tests.MakeMyTripTest" tests="1" failures="0" timestamp="27 Apr 2019 07:06:40 GMT" time="48.421" errors="0">
  <testcase name="makeMyTripTest" time="48.421" classname="com.makemytrip.tests.MakeMyTripTest"/>
</testsuite> <!-- com.makemytrip.tests.MakeMyTripTest -->
